-- Install configuration: ""
-- Up-to-date: /home/farog/ros2_ws/install/my_robot_bringup/share/my_robot_bringup//launch
-- Up-to-date: /home/farog/ros2_ws/install/my_robot_bringup/share/my_robot_bringup//launch/online_async_launch.py
-- Up-to-date: /home/farog/ros2_ws/install/my_robot_bringup/share/my_robot_bringup//launch/joystick.launch.py
-- Up-to-date: /home/farog/ros2_ws/install/my_robot_bringup/share/my_robot_bringup//launch/navigation_launch.py
-- Up-to-date: /home/farog/ros2_ws/install/my_robot_bringup/share/my_robot_bringup//launch/launch_robot.launch.py
-- Up-to-date: /home/farog/ros2_ws/install/my_robot_bringup/share/my_robot_bringup//launch/my_robot_gazebo.launch.xml
-- Installing: /home/farog/ros2_ws/install/my_robot_bringup/share/my_robot_bringup//launch/localization_launch.py
-- Installing: /home/farog/ros2_ws/install/my_robot_bringup/share/my_robot_bringup//launch/display.launch.py
-- Up-to-date: /home/farog/ros2_ws/install/my_robot_bringup/share/my_robot_bringup//rviz
-- Up-to-date: /home/farog/ros2_ws/install/my_robot_bringup/share/my_robot_bringup//rviz/urdff_config.rviz
-- Up-to-date: /home/farog/ros2_ws/install/my_robot_bringup/share/my_robot_bringup//worlds
-- Up-to-date: /home/farog/ros2_ws/install/my_robot_bringup/share/my_robot_bringup//worlds/my_floor.world
-- Up-to-date: /home/farog/ros2_ws/install/my_robot_bringup/share/my_robot_bringup//config
-- Up-to-date: /home/farog/ros2_ws/install/my_robot_bringup/share/my_robot_bringup//config/joystick.yaml
-- Up-to-date: /home/farog/ros2_ws/install/my_robot_bringup/share/my_robot_bringup//config/nav2_params.yaml
-- Up-to-date: /home/farog/ros2_ws/install/my_robot_bringup/share/my_robot_bringup//config/ekf.yaml
-- Up-to-date: /home/farog/ros2_ws/install/my_robot_bringup/share/my_robot_bringup//config/nav2_params2.yaml
-- Up-to-date: /home/farog/ros2_ws/install/my_robot_bringup/share/my_robot_bringup//config/ekf.launch.py
-- Up-to-date: /home/farog/ros2_ws/install/my_robot_bringup/share/my_robot_bringup//config/twist_mux.yaml
-- Up-to-date: /home/farog/ros2_ws/install/my_robot_bringup/share/my_robot_bringup//config/mapper_params_online_async.yaml
-- Up-to-date: /home/farog/ros2_ws/install/my_robot_bringup/share/my_robot_bringup//maps
-- Up-to-date: /home/farog/ros2_ws/install/my_robot_bringup/share/my_robot_bringup//maps/navcon_training.yaml
-- Up-to-date: /home/farog/ros2_ws/install/my_robot_bringup/share/my_robot_bringup//maps/navcon2s.posegraph
-- Up-to-date: /home/farog/ros2_ws/install/my_robot_bringup/share/my_robot_bringup//maps/navcon2.pgm
-- Up-to-date: /home/farog/ros2_ws/install/my_robot_bringup/share/my_robot_bringup//maps/navcon1.pgm
-- Up-to-date: /home/farog/ros2_ws/install/my_robot_bringup/share/my_robot_bringup//maps/navcon_training.pgm
-- Up-to-date: /home/farog/ros2_ws/install/my_robot_bringup/share/my_robot_bringup//maps/navcon_map2.pgm
-- Up-to-date: /home/farog/ros2_ws/install/my_robot_bringup/share/my_robot_bringup//maps/navcon2s.data
-- Up-to-date: /home/farog/ros2_ws/install/my_robot_bringup/share/my_robot_bringup//maps/navcon_serialize2.posegraph
-- Up-to-date: /home/farog/ros2_ws/install/my_robot_bringup/share/my_robot_bringup//maps/navcon_serialize2.data
-- Up-to-date: /home/farog/ros2_ws/install/my_robot_bringup/share/my_robot_bringup//maps/navcon1.yaml
-- Up-to-date: /home/farog/ros2_ws/install/my_robot_bringup/share/my_robot_bringup//maps/navcon2.yaml
-- Up-to-date: /home/farog/ros2_ws/install/my_robot_bringup/share/my_robot_bringup//maps/navcon_map2.yaml
-- Up-to-date: /home/farog/ros2_ws/install/my_robot_bringup/share/ament_index/resource_index/package_run_dependencies/my_robot_bringup
-- Up-to-date: /home/farog/ros2_ws/install/my_robot_bringup/share/ament_index/resource_index/parent_prefix_path/my_robot_bringup
-- Up-to-date: /home/farog/ros2_ws/install/my_robot_bringup/share/my_robot_bringup/environment/ament_prefix_path.sh
-- Up-to-date: /home/farog/ros2_ws/install/my_robot_bringup/share/my_robot_bringup/environment/ament_prefix_path.dsv
-- Up-to-date: /home/farog/ros2_ws/install/my_robot_bringup/share/my_robot_bringup/environment/path.sh
-- Up-to-date: /home/farog/ros2_ws/install/my_robot_bringup/share/my_robot_bringup/environment/path.dsv
-- Up-to-date: /home/farog/ros2_ws/install/my_robot_bringup/share/my_robot_bringup/local_setup.bash
-- Up-to-date: /home/farog/ros2_ws/install/my_robot_bringup/share/my_robot_bringup/local_setup.sh
-- Up-to-date: /home/farog/ros2_ws/install/my_robot_bringup/share/my_robot_bringup/local_setup.zsh
-- Up-to-date: /home/farog/ros2_ws/install/my_robot_bringup/share/my_robot_bringup/local_setup.dsv
-- Installing: /home/farog/ros2_ws/install/my_robot_bringup/share/my_robot_bringup/package.dsv
-- Up-to-date: /home/farog/ros2_ws/install/my_robot_bringup/share/ament_index/resource_index/packages/my_robot_bringup
-- Up-to-date: /home/farog/ros2_ws/install/my_robot_bringup/share/my_robot_bringup/cmake/my_robot_bringupConfig.cmake
-- Up-to-date: /home/farog/ros2_ws/install/my_robot_bringup/share/my_robot_bringup/cmake/my_robot_bringupConfig-version.cmake
-- Up-to-date: /home/farog/ros2_ws/install/my_robot_bringup/share/my_robot_bringup/package.xml
