[0.592s] Invoking command in '/home/farog/ros2_ws/src/pkgs_python': PYTHONPATH=/home/farog/ros2_ws/build/pkgs_python/prefix_override:/usr/lib/python3/dist-packages/colcon_core/task/python/colcon_distutils_commands:/home/farog/ros2_ws/install/pkgs_python/lib/python3.10/site-packages:${PYTHONPATH} /usr/bin/python3 -W ignore:setup.py install is deprecated setup.py egg_info --egg-base ../../build/pkgs_python build --build-base /home/farog/ros2_ws/build/pkgs_python/build install --record /home/farog/ros2_ws/build/pkgs_python/install.log --single-version-externally-managed install_data
[0.800s] running egg_info
[0.810s] writing ../../build/pkgs_python/pkgs_python.egg-info/PKG-INFO
[0.811s] writing dependency_links to ../../build/pkgs_python/pkgs_python.egg-info/dependency_links.txt
[0.811s] writing entry points to ../../build/pkgs_python/pkgs_python.egg-info/entry_points.txt
[0.812s] writing requirements to ../../build/pkgs_python/pkgs_python.egg-info/requires.txt
[0.812s] writing top-level names to ../../build/pkgs_python/pkgs_python.egg-info/top_level.txt
[0.912s] reading manifest file '../../build/pkgs_python/pkgs_python.egg-info/SOURCES.txt'
[0.912s] writing manifest file '../../build/pkgs_python/pkgs_python.egg-info/SOURCES.txt'
[0.913s] running build
[0.913s] running build_py
[0.913s] running install
[0.916s] running install_lib
[0.927s] running install_data
[0.927s] running install_egg_info
[0.938s] removing '/home/farog/ros2_ws/install/pkgs_python/lib/python3.10/site-packages/pkgs_python-0.0.0-py3.10.egg-info' (and everything under it)
[0.939s] Copying ../../build/pkgs_python/pkgs_python.egg-info to /home/farog/ros2_ws/install/pkgs_python/lib/python3.10/site-packages/pkgs_python-0.0.0-py3.10.egg-info
[0.941s] running install_scripts
[0.977s] Installing pub_odom script to /home/farog/ros2_ws/install/pkgs_python/lib/pkgs_python
[0.980s] writing list of installed files to '/home/farog/ros2_ws/build/pkgs_python/install.log'
[0.994s] Invoked command in '/home/farog/ros2_ws/src/pkgs_python' returned '0': PYTHONPATH=/home/farog/ros2_ws/build/pkgs_python/prefix_override:/usr/lib/python3/dist-packages/colcon_core/task/python/colcon_distutils_commands:/home/farog/ros2_ws/install/pkgs_python/lib/python3.10/site-packages:${PYTHONPATH} /usr/bin/python3 -W ignore:setup.py install is deprecated setup.py egg_info --egg-base ../../build/pkgs_python build --build-base /home/farog/ros2_ws/build/pkgs_python/build install --record /home/farog/ros2_ws/build/pkgs_python/install.log --single-version-externally-managed install_data
