[0.723s] Invoking command in '/home/farog/ros2_ws/src/pkgs_python': PYTHONPATH=/home/farog/ros2_ws/build/pkgs_python/prefix_override:/usr/lib/python3/dist-packages/colcon_core/task/python/colcon_distutils_commands:/home/farog/ros2_ws/install/pkgs_python/lib/python3.10/site-packages:${PYTHONPATH} /usr/bin/python3 -W ignore:setup.py install is deprecated setup.py egg_info --egg-base ../../build/pkgs_python build --build-base /home/farog/ros2_ws/build/pkgs_python/build install --record /home/farog/ros2_ws/build/pkgs_python/install.log --single-version-externally-managed install_data
[0.961s] running egg_info
[0.973s] writing ../../build/pkgs_python/pkgs_python.egg-info/PKG-INFO
[0.973s] writing dependency_links to ../../build/pkgs_python/pkgs_python.egg-info/dependency_links.txt
[0.974s] writing entry points to ../../build/pkgs_python/pkgs_python.egg-info/entry_points.txt
[0.974s] writing requirements to ../../build/pkgs_python/pkgs_python.egg-info/requires.txt
[0.974s] writing top-level names to ../../build/pkgs_python/pkgs_python.egg-info/top_level.txt
[1.088s] reading manifest file '../../build/pkgs_python/pkgs_python.egg-info/SOURCES.txt'
[1.088s] writing manifest file '../../build/pkgs_python/pkgs_python.egg-info/SOURCES.txt'
[1.089s] running build
[1.089s] running build_py
[1.089s] running install
[1.093s] running install_lib
[1.106s] running install_data
[1.107s] running install_egg_info
[1.120s] removing '/home/farog/ros2_ws/install/pkgs_python/lib/python3.10/site-packages/pkgs_python-0.0.0-py3.10.egg-info' (and everything under it)
[1.121s] Copying ../../build/pkgs_python/pkgs_python.egg-info to /home/farog/ros2_ws/install/pkgs_python/lib/python3.10/site-packages/pkgs_python-0.0.0-py3.10.egg-info
[1.123s] running install_scripts
[1.163s] Installing pub_odom script to /home/farog/ros2_ws/install/pkgs_python/lib/pkgs_python
[1.167s] writing list of installed files to '/home/farog/ros2_ws/build/pkgs_python/install.log'
[1.186s] Invoked command in '/home/farog/ros2_ws/src/pkgs_python' returned '0': PYTHONPATH=/home/farog/ros2_ws/build/pkgs_python/prefix_override:/usr/lib/python3/dist-packages/colcon_core/task/python/colcon_distutils_commands:/home/farog/ros2_ws/install/pkgs_python/lib/python3.10/site-packages:${PYTHONPATH} /usr/bin/python3 -W ignore:setup.py install is deprecated setup.py egg_info --egg-base ../../build/pkgs_python build --build-base /home/farog/ros2_ws/build/pkgs_python/build install --record /home/farog/ros2_ws/build/pkgs_python/install.log --single-version-externally-managed install_data
