[0.016s] Invoking command in '/home/farog/ros2_ws/build/my_robot_description': CMAKE_PREFIX_PATH=${CMAKE_PREFIX_PATH}:/home/farog/ros2_ws/install/pkgs_python:/opt/ros/humble /home/farog/.local/bin/cmake /home/farog/ros2_ws/src/my_robot_description -DCMAKE_INSTALL_PREFIX=/home/farog/ros2_ws/install/my_robot_description
[0.164s] -- The C compiler identification is GNU 11.4.0
[0.257s] -- The CXX compiler identification is GNU 11.4.0
[0.280s] -- Detecting C compiler ABI info
[0.347s] -- Detecting C compiler ABI info - done
[0.354s] -- Check for working C compiler: /usr/bin/cc - skipped
[0.355s] -- Detecting C compile features
[0.356s] -- Detecting C compile features - done
[0.368s] -- Detecting CXX compiler ABI info
[0.434s] -- Detecting CXX compiler ABI info - done
[0.442s] -- Check for working CXX compiler: /usr/bin/c++ - skipped
[0.442s] -- Detecting CXX compile features
[0.442s] -- Detecting CXX compile features - done
[0.449s] -- Found ament_cmake: 1.3.9 (/opt/ros/humble/share/ament_cmake/cmake)
[0.556s] -- Found Python3: /usr/bin/python3 (found version "3.10.12") found components: Interpreter 
[0.713s] -- Configuring done (0.7s)
[0.721s] -- Generating done (0.0s)
[0.724s] -- Build files have been written to: /home/farog/ros2_ws/build/my_robot_description
[0.729s] Invoked command in '/home/farog/ros2_ws/build/my_robot_description' returned '0': CMAKE_PREFIX_PATH=${CMAKE_PREFIX_PATH}:/home/farog/ros2_ws/install/pkgs_python:/opt/ros/humble /home/farog/.local/bin/cmake /home/farog/ros2_ws/src/my_robot_description -DCMAKE_INSTALL_PREFIX=/home/farog/ros2_ws/install/my_robot_description
[0.732s] Invoking command in '/home/farog/ros2_ws/build/my_robot_description': CMAKE_PREFIX_PATH=${CMAKE_PREFIX_PATH}:/home/farog/ros2_ws/install/pkgs_python:/opt/ros/humble /home/farog/.local/bin/cmake --build /home/farog/ros2_ws/build/my_robot_description -- -j20 -l20
[0.757s] Invoked command in '/home/farog/ros2_ws/build/my_robot_description' returned '0': CMAKE_PREFIX_PATH=${CMAKE_PREFIX_PATH}:/home/farog/ros2_ws/install/pkgs_python:/opt/ros/humble /home/farog/.local/bin/cmake --build /home/farog/ros2_ws/build/my_robot_description -- -j20 -l20
[0.805s] Invoking command in '/home/farog/ros2_ws/build/my_robot_description': CMAKE_PREFIX_PATH=${CMAKE_PREFIX_PATH}:/home/farog/ros2_ws/install/pkgs_python:/opt/ros/humble /home/farog/.local/bin/cmake --install /home/farog/ros2_ws/build/my_robot_description
[0.820s] -- Install configuration: ""
[0.820s] -- Installing: /home/farog/ros2_ws/install/my_robot_description/share/my_robot_description//urdf
[0.820s] -- Installing: /home/farog/ros2_ws/install/my_robot_description/share/my_robot_description//urdf/diff_drive_control_plugin.xacro
[0.822s] -- Installing: /home/farog/ros2_ws/install/my_robot_description/share/my_robot_description//urdf/common_properties.xacro
[0.823s] -- Installing: /home/farog/ros2_ws/install/my_robot_description/share/my_robot_description//urdf/laser.xacro
[0.823s] -- Installing: /home/farog/ros2_ws/install/my_robot_description/share/my_robot_description//urdf/navcon_control.xacro
[0.824s] -- Installing: /home/farog/ros2_ws/install/my_robot_description/share/my_robot_description//urdf/camera.xacro
[0.824s] -- Installing: /home/farog/ros2_ws/install/my_robot_description/share/my_robot_description//urdf/log
[0.825s] -- Installing: /home/farog/ros2_ws/install/my_robot_description/share/my_robot_description//urdf/log/latest
[0.825s] -- Installing: /home/farog/ros2_ws/install/my_robot_description/share/my_robot_description//urdf/log/build_2023-11-07_05-07-04
[0.825s] -- Installing: /home/farog/ros2_ws/install/my_robot_description/share/my_robot_description//urdf/log/build_2023-11-07_05-07-04/logger_all.log
[0.826s] -- Installing: /home/farog/ros2_ws/install/my_robot_description/share/my_robot_description//urdf/log/build_2023-11-07_05-07-04/events.log
[0.827s] -- Installing: /home/farog/ros2_ws/install/my_robot_description/share/my_robot_description//urdf/log/latest_build
[0.827s] -- Installing: /home/farog/ros2_ws/install/my_robot_description/share/my_robot_description//urdf/my_robot.urdf.xacro
[0.827s] -- Installing: /home/farog/ros2_ws/install/my_robot_description/share/my_robot_description//urdf/build
[0.827s] -- Installing: /home/farog/ros2_ws/install/my_robot_description/share/my_robot_description//urdf/build/.built_by
[0.828s] -- Installing: /home/farog/ros2_ws/install/my_robot_description/share/my_robot_description//urdf/build/COLCON_IGNORE
[0.828s] -- Installing: /home/farog/ros2_ws/install/my_robot_description/share/my_robot_description//urdf/install
[0.828s] -- Installing: /home/farog/ros2_ws/install/my_robot_description/share/my_robot_description//urdf/install/setup.ps1
[0.839s] -- Installing: /home/farog/ros2_ws/install/my_robot_description/share/my_robot_description//urdf/install/local_setup.zsh
[0.840s] -- Installing: /home/farog/ros2_ws/install/my_robot_description/share/my_robot_description//urdf/install/setup.zsh
[0.841s] -- Installing: /home/farog/ros2_ws/install/my_robot_description/share/my_robot_description//urdf/install/.colcon_install_layout
[0.842s] -- Installing: /home/farog/ros2_ws/install/my_robot_description/share/my_robot_description//urdf/install/local_setup.bash
[0.843s] -- Installing: /home/farog/ros2_ws/install/my_robot_description/share/my_robot_description//urdf/install/local_setup.ps1
[0.843s] -- Installing: /home/farog/ros2_ws/install/my_robot_description/share/my_robot_description//urdf/install/setup.sh
[0.844s] -- Installing: /home/farog/ros2_ws/install/my_robot_description/share/my_robot_description//urdf/install/local_setup.sh
[0.846s] -- Installing: /home/farog/ros2_ws/install/my_robot_description/share/my_robot_description//urdf/install/setup.bash
[0.847s] -- Installing: /home/farog/ros2_ws/install/my_robot_description/share/my_robot_description//urdf/install/_local_setup_util_sh.py
[0.847s] -- Installing: /home/farog/ros2_ws/install/my_robot_description/share/my_robot_description//urdf/install/_local_setup_util_ps1.py
[0.848s] -- Installing: /home/farog/ros2_ws/install/my_robot_description/share/my_robot_description//urdf/install/COLCON_IGNORE
[0.848s] -- Installing: /home/farog/ros2_ws/install/my_robot_description/share/my_robot_description//launch
[0.848s] -- Installing: /home/farog/ros2_ws/install/my_robot_description/share/my_robot_description//launch/display.launch.xml
[0.849s] -- Installing: /home/farog/ros2_ws/install/my_robot_description/share/my_robot_description//launch/display.launch.py
[0.849s] -- Installing: /home/farog/ros2_ws/install/my_robot_description/share/my_robot_description//rviz
[0.849s] -- Installing: /home/farog/ros2_ws/install/my_robot_description/share/my_robot_description//rviz/urdf_config.rviz
[0.851s] -- Installing: /home/farog/ros2_ws/install/my_robot_description/share/my_robot_description//config
[0.851s] -- Installing: /home/farog/ros2_ws/install/my_robot_description/share/ament_index/resource_index/package_run_dependencies/my_robot_description
[0.851s] -- Installing: /home/farog/ros2_ws/install/my_robot_description/share/ament_index/resource_index/parent_prefix_path/my_robot_description
[0.852s] -- Installing: /home/farog/ros2_ws/install/my_robot_description/share/my_robot_description/environment/ament_prefix_path.sh
[0.852s] -- Installing: /home/farog/ros2_ws/install/my_robot_description/share/my_robot_description/environment/ament_prefix_path.dsv
[0.853s] -- Installing: /home/farog/ros2_ws/install/my_robot_description/share/my_robot_description/environment/path.sh
[0.853s] -- Installing: /home/farog/ros2_ws/install/my_robot_description/share/my_robot_description/environment/path.dsv
[0.853s] -- Installing: /home/farog/ros2_ws/install/my_robot_description/share/my_robot_description/local_setup.bash
[0.854s] -- Installing: /home/farog/ros2_ws/install/my_robot_description/share/my_robot_description/local_setup.sh
[0.855s] -- Installing: /home/farog/ros2_ws/install/my_robot_description/share/my_robot_description/local_setup.zsh
[0.855s] -- Installing: /home/farog/ros2_ws/install/my_robot_description/share/my_robot_description/local_setup.dsv
[0.855s] -- Installing: /home/farog/ros2_ws/install/my_robot_description/share/my_robot_description/package.dsv
[0.856s] -- Installing: /home/farog/ros2_ws/install/my_robot_description/share/ament_index/resource_index/packages/my_robot_description
[0.856s] -- Installing: /home/farog/ros2_ws/install/my_robot_description/share/my_robot_description/cmake/my_robot_descriptionConfig.cmake
[0.856s] -- Installing: /home/farog/ros2_ws/install/my_robot_description/share/my_robot_description/cmake/my_robot_descriptionConfig-version.cmake
[0.857s] -- Installing: /home/farog/ros2_ws/install/my_robot_description/share/my_robot_description/package.xml
[0.861s] Invoked command in '/home/farog/ros2_ws/build/my_robot_description' returned '0': CMAKE_PREFIX_PATH=${CMAKE_PREFIX_PATH}:/home/farog/ros2_ws/install/pkgs_python:/opt/ros/humble /home/farog/.local/bin/cmake --install /home/farog/ros2_ws/build/my_robot_description
