[0.599s] Invoking command in '/home/farog/ros2_ws/src/pkgs_python': PYTHONPATH=/home/farog/ros2_ws/build/pkgs_python/prefix_override:/usr/lib/python3/dist-packages/colcon_core/task/python/colcon_distutils_commands:/home/farog/ros2_ws/install/pkgs_python/lib/python3.10/site-packages:${PYTHONPATH} /usr/bin/python3 -W ignore:setup.py install is deprecated setup.py egg_info --egg-base ../../build/pkgs_python build --build-base /home/farog/ros2_ws/build/pkgs_python/build install --record /home/farog/ros2_ws/build/pkgs_python/install.log --single-version-externally-managed install_data
[0.804s] running egg_info
[0.814s] writing ../../build/pkgs_python/pkgs_python.egg-info/PKG-INFO
[0.815s] writing dependency_links to ../../build/pkgs_python/pkgs_python.egg-info/dependency_links.txt
[0.816s] writing entry points to ../../build/pkgs_python/pkgs_python.egg-info/entry_points.txt
[0.816s] writing requirements to ../../build/pkgs_python/pkgs_python.egg-info/requires.txt
[0.817s] writing top-level names to ../../build/pkgs_python/pkgs_python.egg-info/top_level.txt
[0.914s] reading manifest file '../../build/pkgs_python/pkgs_python.egg-info/SOURCES.txt'
[0.915s] writing manifest file '../../build/pkgs_python/pkgs_python.egg-info/SOURCES.txt'
[0.916s] running build
[0.916s] running build_py
[0.916s] running install
[0.919s] running install_lib
[0.930s] running install_data
[0.930s] running install_egg_info
[0.941s] removing '/home/farog/ros2_ws/install/pkgs_python/lib/python3.10/site-packages/pkgs_python-0.0.0-py3.10.egg-info' (and everything under it)
[0.942s] Copying ../../build/pkgs_python/pkgs_python.egg-info to /home/farog/ros2_ws/install/pkgs_python/lib/python3.10/site-packages/pkgs_python-0.0.0-py3.10.egg-info
[0.943s] running install_scripts
[0.978s] Installing pub_odom script to /home/farog/ros2_ws/install/pkgs_python/lib/pkgs_python
[0.982s] writing list of installed files to '/home/farog/ros2_ws/build/pkgs_python/install.log'
[0.996s] Invoked command in '/home/farog/ros2_ws/src/pkgs_python' returned '0': PYTHONPATH=/home/farog/ros2_ws/build/pkgs_python/prefix_override:/usr/lib/python3/dist-packages/colcon_core/task/python/colcon_distutils_commands:/home/farog/ros2_ws/install/pkgs_python/lib/python3.10/site-packages:${PYTHONPATH} /usr/bin/python3 -W ignore:setup.py install is deprecated setup.py egg_info --egg-base ../../build/pkgs_python build --build-base /home/farog/ros2_ws/build/pkgs_python/build install --record /home/farog/ros2_ws/build/pkgs_python/install.log --single-version-externally-managed install_data
