[1.191s] Invoking command in '/home/farog/ros2_ws/src/pkgs_python': PYTHONPATH=/home/farog/ros2_ws/build/pkgs_python/prefix_override:/usr/lib/python3/dist-packages/colcon_core/task/python/colcon_distutils_commands:/home/farog/ros2_ws/install/pkgs_python/lib/python3.10/site-packages:${PYTHONPATH} /usr/bin/python3 -W ignore:setup.py install is deprecated setup.py egg_info --egg-base ../../build/pkgs_python build --build-base /home/farog/ros2_ws/build/pkgs_python/build install --record /home/farog/ros2_ws/build/pkgs_python/install.log --single-version-externally-managed install_data
[1.401s] running egg_info
[1.411s] writing ../../build/pkgs_python/pkgs_python.egg-info/PKG-INFO
[1.412s] writing dependency_links to ../../build/pkgs_python/pkgs_python.egg-info/dependency_links.txt
[1.413s] writing entry points to ../../build/pkgs_python/pkgs_python.egg-info/entry_points.txt
[1.413s] writing requirements to ../../build/pkgs_python/pkgs_python.egg-info/requires.txt
[1.413s] writing top-level names to ../../build/pkgs_python/pkgs_python.egg-info/top_level.txt
[1.648s] reading manifest file '../../build/pkgs_python/pkgs_python.egg-info/SOURCES.txt'
[1.649s] writing manifest file '../../build/pkgs_python/pkgs_python.egg-info/SOURCES.txt'
[1.649s] running build
[1.649s] running build_py
[1.649s] running install
[1.652s] running install_lib
[1.664s] running install_data
[1.664s] running install_egg_info
[1.674s] removing '/home/farog/ros2_ws/install/pkgs_python/lib/python3.10/site-packages/pkgs_python-0.0.0-py3.10.egg-info' (and everything under it)
[1.675s] Copying ../../build/pkgs_python/pkgs_python.egg-info to /home/farog/ros2_ws/install/pkgs_python/lib/python3.10/site-packages/pkgs_python-0.0.0-py3.10.egg-info
[1.677s] running install_scripts
[1.712s] Installing pub_odom script to /home/farog/ros2_ws/install/pkgs_python/lib/pkgs_python
[1.716s] writing list of installed files to '/home/farog/ros2_ws/build/pkgs_python/install.log'
[1.731s] Invoked command in '/home/farog/ros2_ws/src/pkgs_python' returned '0': PYTHONPATH=/home/farog/ros2_ws/build/pkgs_python/prefix_override:/usr/lib/python3/dist-packages/colcon_core/task/python/colcon_distutils_commands:/home/farog/ros2_ws/install/pkgs_python/lib/python3.10/site-packages:${PYTHONPATH} /usr/bin/python3 -W ignore:setup.py install is deprecated setup.py egg_info --egg-base ../../build/pkgs_python build --build-base /home/farog/ros2_ws/build/pkgs_python/build install --record /home/farog/ros2_ws/build/pkgs_python/install.log --single-version-externally-managed install_data
