running egg_info
creating ../../build/pkgs_python/pkgs_python.egg-info
writing ../../build/pkgs_python/pkgs_python.egg-info/PKG-INFO
writing dependency_links to ../../build/pkgs_python/pkgs_python.egg-info/dependency_links.txt
writing entry points to ../../build/pkgs_python/pkgs_python.egg-info/entry_points.txt
writing requirements to ../../build/pkgs_python/pkgs_python.egg-info/requires.txt
writing top-level names to ../../build/pkgs_python/pkgs_python.egg-info/top_level.txt
writing manifest file '../../build/pkgs_python/pkgs_python.egg-info/SOURCES.txt'
reading manifest file '../../build/pkgs_python/pkgs_python.egg-info/SOURCES.txt'
writing manifest file '../../build/pkgs_python/pkgs_python.egg-info/SOURCES.txt'
running build
running build_py
creating /home/farog/ros2_ws/build/pkgs_python/build
creating /home/farog/ros2_ws/build/pkgs_python/build/lib
creating /home/farog/ros2_ws/build/pkgs_python/build/lib/pkgs_python
copying pkgs_python/__init__.py -> /home/farog/ros2_ws/build/pkgs_python/build/lib/pkgs_python
copying pkgs_python/odom_pub.py -> /home/farog/ros2_ws/build/pkgs_python/build/lib/pkgs_python
running install
running install_lib
creating /home/farog/ros2_ws/install/pkgs_python/lib/python3.10/site-packages/pkgs_python
copying /home/farog/ros2_ws/build/pkgs_python/build/lib/pkgs_python/__init__.py -> /home/farog/ros2_ws/install/pkgs_python/lib/python3.10/site-packages/pkgs_python
copying /home/farog/ros2_ws/build/pkgs_python/build/lib/pkgs_python/odom_pub.py -> /home/farog/ros2_ws/install/pkgs_python/lib/python3.10/site-packages/pkgs_python
byte-compiling /home/farog/ros2_ws/install/pkgs_python/lib/python3.10/site-packages/pkgs_python/__init__.py to __init__.cpython-310.pyc
byte-compiling /home/farog/ros2_ws/install/pkgs_python/lib/python3.10/site-packages/pkgs_python/odom_pub.py to odom_pub.cpython-310.pyc
running install_data
creating /home/farog/ros2_ws/install/pkgs_python/share/ament_index
creating /home/farog/ros2_ws/install/pkgs_python/share/ament_index/resource_index
creating /home/farog/ros2_ws/install/pkgs_python/share/ament_index/resource_index/packages
copying resource/pkgs_python -> /home/farog/ros2_ws/install/pkgs_python/share/ament_index/resource_index/packages
copying package.xml -> /home/farog/ros2_ws/install/pkgs_python/share/pkgs_python
running install_egg_info
Copying ../../build/pkgs_python/pkgs_python.egg-info to /home/farog/ros2_ws/install/pkgs_python/lib/python3.10/site-packages/pkgs_python-0.0.0-py3.10.egg-info
running install_scripts
Installing pub_odom script to /home/farog/ros2_ws/install/pkgs_python/lib/pkgs_python
writing list of installed files to '/home/farog/ros2_ws/build/pkgs_python/install.log'
