[0.007s] Invoking command in '/home/farog/ros2_ws/build/my_robot_bringup': CMAKE_PREFIX_PATH=/home/farog/ros2_ws/install/my_robot_description:/home/farog/ros2_ws/install/my_robot_bringup:/home/farog/ros2_ws/install/pkgs_python:/opt/ros/humble /home/farog/.local/bin/cmake /home/farog/ros2_ws/src/my_robot_bringup -DCMAKE_INSTALL_PREFIX=/home/farog/ros2_ws/install/my_robot_bringup
[0.053s] -- The C compiler identification is GNU 11.4.0
[0.091s] -- The CXX compiler identification is GNU 11.4.0
[0.102s] -- Detecting C compiler ABI info
[0.162s] -- Detecting C compiler ABI info - done
[0.169s] -- Check for working C compiler: /usr/bin/cc - skipped
[0.170s] -- Detecting C compile features
[0.170s] -- Detecting C compile features - done
[0.179s] -- Detecting CXX compiler ABI info
[0.284s] -- Detecting CXX compiler ABI info - done
[0.290s] -- Check for working CXX compiler: /usr/bin/c++ - skipped
[0.291s] -- Detecting CXX compile features
[0.291s] -- Detecting CXX compile features - done
[0.294s] -- Found ament_cmake: 1.3.9 (/opt/ros/humble/share/ament_cmake/cmake)
[0.402s] -- Found Python3: /usr/bin/python3 (found version "3.10.12") found components: Interpreter 
[0.514s] -- Configuring done (0.5s)
[0.521s] -- Generating done (0.0s)
[0.524s] -- Build files have been written to: /home/farog/ros2_ws/build/my_robot_bringup
[0.529s] Invoked command in '/home/farog/ros2_ws/build/my_robot_bringup' returned '0': CMAKE_PREFIX_PATH=/home/farog/ros2_ws/install/my_robot_description:/home/farog/ros2_ws/install/my_robot_bringup:/home/farog/ros2_ws/install/pkgs_python:/opt/ros/humble /home/farog/.local/bin/cmake /home/farog/ros2_ws/src/my_robot_bringup -DCMAKE_INSTALL_PREFIX=/home/farog/ros2_ws/install/my_robot_bringup
[0.532s] Invoking command in '/home/farog/ros2_ws/build/my_robot_bringup': CMAKE_PREFIX_PATH=/home/farog/ros2_ws/install/my_robot_description:/home/farog/ros2_ws/install/my_robot_bringup:/home/farog/ros2_ws/install/pkgs_python:/opt/ros/humble /home/farog/.local/bin/cmake --build /home/farog/ros2_ws/build/my_robot_bringup -- -j20 -l20
[0.569s] Invoked command in '/home/farog/ros2_ws/build/my_robot_bringup' returned '0': CMAKE_PREFIX_PATH=/home/farog/ros2_ws/install/my_robot_description:/home/farog/ros2_ws/install/my_robot_bringup:/home/farog/ros2_ws/install/pkgs_python:/opt/ros/humble /home/farog/.local/bin/cmake --build /home/farog/ros2_ws/build/my_robot_bringup -- -j20 -l20
[0.607s] Invoking command in '/home/farog/ros2_ws/build/my_robot_bringup': CMAKE_PREFIX_PATH=/home/farog/ros2_ws/install/my_robot_description:/home/farog/ros2_ws/install/my_robot_bringup:/home/farog/ros2_ws/install/pkgs_python:/opt/ros/humble /home/farog/.local/bin/cmake --install /home/farog/ros2_ws/build/my_robot_bringup
[0.627s] -- Install configuration: ""
[0.627s] -- Installing: /home/farog/ros2_ws/install/my_robot_bringup/share/my_robot_bringup//launch
[0.627s] -- Installing: /home/farog/ros2_ws/install/my_robot_bringup/share/my_robot_bringup//launch/online_async_launch.py
[0.647s] -- Installing: /home/farog/ros2_ws/install/my_robot_bringup/share/my_robot_bringup//launch/joystick.launch.py
[0.648s] -- Installing: /home/farog/ros2_ws/install/my_robot_bringup/share/my_robot_bringup//launch/navigation_launch.py
[0.649s] -- Installing: /home/farog/ros2_ws/install/my_robot_bringup/share/my_robot_bringup//launch/loca_launch1.py
[0.650s] -- Installing: /home/farog/ros2_ws/install/my_robot_bringup/share/my_robot_bringup//launch/launch_robot.launch.py
[0.651s] -- Installing: /home/farog/ros2_ws/install/my_robot_bringup/share/my_robot_bringup//launch/my_robot_gazebo.launch.xml
[0.653s] -- Installing: /home/farog/ros2_ws/install/my_robot_bringup/share/my_robot_bringup//launch/localization_launch.py
[0.654s] -- Installing: /home/farog/ros2_ws/install/my_robot_bringup/share/my_robot_bringup//launch/display.launch.py
[0.655s] -- Installing: /home/farog/ros2_ws/install/my_robot_bringup/share/my_robot_bringup//rviz
[0.656s] -- Installing: /home/farog/ros2_ws/install/my_robot_bringup/share/my_robot_bringup//rviz/urdff_config.rviz
[0.657s] -- Installing: /home/farog/ros2_ws/install/my_robot_bringup/share/my_robot_bringup//worlds
[0.657s] -- Installing: /home/farog/ros2_ws/install/my_robot_bringup/share/my_robot_bringup//worlds/my_floor.world
[0.664s] -- Installing: /home/farog/ros2_ws/install/my_robot_bringup/share/my_robot_bringup//config
[0.664s] -- Installing: /home/farog/ros2_ws/install/my_robot_bringup/share/my_robot_bringup//config/joystick.yaml
[0.665s] -- Installing: /home/farog/ros2_ws/install/my_robot_bringup/share/my_robot_bringup//config/nav2_params.yaml
[0.667s] -- Installing: /home/farog/ros2_ws/install/my_robot_bringup/share/my_robot_bringup//config/ekf.yaml
[0.670s] -- Installing: /home/farog/ros2_ws/install/my_robot_bringup/share/my_robot_bringup//config/nav2_params2.yaml
[0.673s] -- Installing: /home/farog/ros2_ws/install/my_robot_bringup/share/my_robot_bringup//config/ekf.launch.py
[0.674s] -- Installing: /home/farog/ros2_ws/install/my_robot_bringup/share/my_robot_bringup//config/twist_mux.yaml
[0.675s] -- Installing: /home/farog/ros2_ws/install/my_robot_bringup/share/my_robot_bringup//config/mapper_params_online_async.yaml
[0.677s] -- Installing: /home/farog/ros2_ws/install/my_robot_bringup/share/my_robot_bringup//maps
[0.677s] -- Installing: /home/farog/ros2_ws/install/my_robot_bringup/share/my_robot_bringup//maps/navcon_training.yaml
[0.678s] -- Installing: /home/farog/ros2_ws/install/my_robot_bringup/share/my_robot_bringup//maps/navcon2s.posegraph
[0.703s] -- Installing: /home/farog/ros2_ws/install/my_robot_bringup/share/my_robot_bringup//maps/navcon2.pgm
[0.707s] -- Installing: /home/farog/ros2_ws/install/my_robot_bringup/share/my_robot_bringup//maps/navcon1.pgm
[0.709s] -- Installing: /home/farog/ros2_ws/install/my_robot_bringup/share/my_robot_bringup//maps/navcon_training.pgm
[0.712s] -- Installing: /home/farog/ros2_ws/install/my_robot_bringup/share/my_robot_bringup//maps/navcon_map2.pgm
[0.715s] -- Installing: /home/farog/ros2_ws/install/my_robot_bringup/share/my_robot_bringup//maps/navcon2s.data
[0.727s] -- Installing: /home/farog/ros2_ws/install/my_robot_bringup/share/my_robot_bringup//maps/navcon_serialize2.posegraph
[0.755s] -- Installing: /home/farog/ros2_ws/install/my_robot_bringup/share/my_robot_bringup//maps/navcon_serialize2.data
[0.765s] -- Installing: /home/farog/ros2_ws/install/my_robot_bringup/share/my_robot_bringup//maps/navcon1.yaml
[0.766s] -- Installing: /home/farog/ros2_ws/install/my_robot_bringup/share/my_robot_bringup//maps/navcon2.yaml
[0.766s] -- Installing: /home/farog/ros2_ws/install/my_robot_bringup/share/my_robot_bringup//maps/navcon_map2.yaml
[0.767s] -- Installing: /home/farog/ros2_ws/install/my_robot_bringup/share/ament_index/resource_index/package_run_dependencies/my_robot_bringup
[0.768s] -- Installing: /home/farog/ros2_ws/install/my_robot_bringup/share/ament_index/resource_index/parent_prefix_path/my_robot_bringup
[0.769s] -- Installing: /home/farog/ros2_ws/install/my_robot_bringup/share/my_robot_bringup/environment/ament_prefix_path.sh
[0.769s] -- Installing: /home/farog/ros2_ws/install/my_robot_bringup/share/my_robot_bringup/environment/ament_prefix_path.dsv
[0.770s] -- Installing: /home/farog/ros2_ws/install/my_robot_bringup/share/my_robot_bringup/environment/path.sh
[0.770s] -- Installing: /home/farog/ros2_ws/install/my_robot_bringup/share/my_robot_bringup/environment/path.dsv
[0.771s] -- Installing: /home/farog/ros2_ws/install/my_robot_bringup/share/my_robot_bringup/local_setup.bash
[0.771s] -- Installing: /home/farog/ros2_ws/install/my_robot_bringup/share/my_robot_bringup/local_setup.sh
[0.772s] -- Installing: /home/farog/ros2_ws/install/my_robot_bringup/share/my_robot_bringup/local_setup.zsh
[0.773s] -- Installing: /home/farog/ros2_ws/install/my_robot_bringup/share/my_robot_bringup/local_setup.dsv
[0.774s] -- Installing: /home/farog/ros2_ws/install/my_robot_bringup/share/my_robot_bringup/package.dsv
[0.774s] -- Installing: /home/farog/ros2_ws/install/my_robot_bringup/share/ament_index/resource_index/packages/my_robot_bringup
[0.774s] -- Installing: /home/farog/ros2_ws/install/my_robot_bringup/share/my_robot_bringup/cmake/my_robot_bringupConfig.cmake
[0.775s] -- Installing: /home/farog/ros2_ws/install/my_robot_bringup/share/my_robot_bringup/cmake/my_robot_bringupConfig-version.cmake
[0.776s] -- Installing: /home/farog/ros2_ws/install/my_robot_bringup/share/my_robot_bringup/package.xml
[0.781s] Invoked command in '/home/farog/ros2_ws/build/my_robot_bringup' returned '0': CMAKE_PREFIX_PATH=/home/farog/ros2_ws/install/my_robot_description:/home/farog/ros2_ws/install/my_robot_bringup:/home/farog/ros2_ws/install/pkgs_python:/opt/ros/humble /home/farog/.local/bin/cmake --install /home/farog/ros2_ws/build/my_robot_bringup
